{"level":"info","message":"authmiddleware hit"}
{"level":"info","message":"[birthdayServices]:Hitting birthday services"}
{"level":"info","message":"authmiddleware hit"}
{"level":"info","message":"[birthdayServices]:Hitting birthday services"}
{"level":"info","message":"authmiddleware hit"}
{"level":"info","message":"[birthdayServices]:Hitting birthday services"}
{"level":"info","message":"authmiddleware hit"}
{"level":"info","message":"[birthdayServices]:Hitting birthday services"}
{"level":"info","message":"authmiddleware hit"}
{"level":"info","message":"[birthdayServices]:Hitting birthday services"}
{"level":"info","message":"authmiddleware hit"}
{"level":"info","message":"[birthdayServices]:Hitting birthday services"}
{"level":"info","message":"[birthdayServices]:Hitting birthday services"}
{"level":"info","message":"[birthdayServices]:Hitting birthday services"}
{"level":"info","message":"[birthdayServices]:Hitting birthday services"}
{"level":"info","message":"authmiddleware hit"}
{"level":"info","message":"[birthdayServices]:Hitting birthday services"}
{"level":"info","message":"[birthdayServices]:Hitting birthday services"}
{"level":"info","message":"[birthdayServices]:Hitting birthday services"}
{"level":"info","message":"authmiddleware hit"}
{"level":"info","message":"[birthdayServices]:Hitting birthday services"}
{"level":"info","message":"[birthdayServices]:Hitting birthday services"}
{"level":"info","message":"[birthdayServices]:Hitting birthday services"}
{"level":"info","message":"[birthdayServices]:Hitting birthday services"}
{"level":"info","message":"[birthdayServices]:Hitting birthday services"}
{"level":"info","message":"[birthdayServices]:Hitting birthday services"}
{"level":"info","message":"[birthdayServices]:Hitting birthday services"}
{"level":"info","message":"authmiddleware hit"}
{"level":"info","message":"[birthdayServices]:Hitting birthday services"}
{"level":"info","message":"[birthdayServices]:Hitting birthday services"}
{"level":"info","message":"[birthdayServices]:Hitting birthday services"}
{"level":"info","message":"[birthdayServices]:Hitting birthday services"}
{"level":"info","message":"[birthdayServices]:Hitting birthday services"}
{"level":"info","message":"[birthdayServices]:Hitting birthday services"}
{"level":"info","message":"[birthdayServices]:Hitting birthday services"}
{"level":"info","message":"[birthdayServices]:Hitting birthday services"}
{"level":"info","message":"[birthdayServices]:Hitting birthday services"}
{"level":"info","message":"[birthdayServices]:Hitting birthday services"}
{"level":"info","message":"[birthdayServices]:Hitting birthday services"}
{"level":"info","message":"[birthdayServices]:Hitting birthday services"}
{"level":"info","message":"[birthdayServices]:Hitting birthday services"}
{"level":"info","message":"[birthdayServices]:Hitting birthday services"}
{"level":"info","message":"[birthdayServices]:Hitting birthday services"}
{"level":"info","message":"[birthdayServices]:Hitting birthday services"}
{"level":"info","message":"[birthdayServices]:Hitting birthday services"}
{"level":"info","message":"authmiddleware hit"}
{"level":"info","message":"[birthdayServices]:Hitting birthday services"}
{"level":"info","message":"[birthdayServices]:Hitting birthday services"}
{"level":"info","message":"[birthdayServices]:Hitting birthday services"}
{"level":"info","message":"[birthdayServices]:Hitting birthday services"}
{"level":"info","message":"[birthdayServices]:Hitting birthday services"}
{"level":"info","message":"[birthdayServices]:Hitting birthday services"}
{"level":"info","message":"[birthdayServices]:Hitting birthday services"}
{"level":"info","message":"[birthdayServices]:Hitting birthday services"}
{"level":"info","message":"[birthdayServices]:Hitting birthday services"}
{"level":"info","message":"[birthdayServices]:Hitting birthday services"}
{"level":"info","message":"[birthdayServices]:Hitting birthday services"}
{"level":"info","message":"authmiddleware hit"}
{"level":"info","message":"[birthdayServices]:Hitting birthday services"}
{"level":"info","message":"[birthdayServices]:Hitting birthday services"}
{"level":"info","message":"[birthdayServices]:Hitting birthday services"}
{"level":"info","message":"[birthdayServices]:Hitting birthday services"}
{"level":"info","message":"[birthdayServices]:Hitting birthday services"}
{"level":"info","message":"[birthdayServices]:Hitting birthday services"}
{"level":"info","message":"[birthdayServices]:Hitting birthday services"}
{"level":"info","message":"[birthdayServices]:Hitting birthday services"}
{"level":"info","message":"[birthdayServices]:Hitting birthday services"}
{"level":"info","message":"[birthdayServices]:Hitting birthday services"}
{"level":"info","message":"[birthdayServices]:Hitting birthday services"}
{"level":"info","message":"[birthdayServices]:Hitting birthday services"}
{"level":"info","message":"[birthdayServices]:Hitting birthday services"}
{"level":"info","message":"authmiddleware hit"}
{"level":"info","message":"[birthdayServices]:Hitting birthday services"}
{"level":"info","message":"authmiddleware hit"}
{"level":"info","message":"[birthdayServices]:Hitting birthday services"}
{"level":"info","message":"[birthdayjob] :Hitting birthdayjob middleware"}
{"level":"info","message":"[birthdayServices]:Hitting birthday services"}
{"level":"info","message":"[birthdayjob] :Hitting birthdayjob middleware"}
{"level":"info","message":"[birthdayServices]:Hitting birthday services"}
{"level":"info","message":"[birthdayjob] :Hitting birthdayjob middleware"}
{"level":"info","message":"[birthdayServices]:Hitting birthday services"}
{"level":"info","message":"[birthdayjob] :Hitting birthdayjob middleware"}
{"level":"info","message":"[birthdayServices]:Hitting birthday services"}
{"level":"info","message":"[birthdayjob] :Hitting birthdayjob middleware"}
{"level":"info","message":"[birthdayServices]:Hitting birthday services"}
{"level":"info","message":"[birthdayjob] :Hitting birthdayjob middleware"}
{"level":"info","message":"[birthdayServices]:Hitting birthday services"}
{"level":"info","message":"authmiddleware hit"}
{"level":"info","message":"[birthdayServices]:Hitting birthday services"}
{"level":"info","message":"[birthdayjob] :Hitting birthdayjob middleware"}
{"level":"error","message":"Falied to send birthday mail: name is not defined"}
{"level":"info","message":"[birthdayjob] :Hitting birthdayjob middleware"}
{"level":"error","message":"Falied to send birthday mail: name is not defined"}
{"level":"info","message":"[birthdayjob] :Hitting birthdayjob middleware"}
{"level":"error","message":"Falied to send birthday mail: name is not defined"}
{"level":"info","message":"authmiddleware hit"}
{"level":"info","message":"[birthdayServices]:Hitting birthday services"}
{"level":"info","message":"[birthdayjob] :Hitting birthdayjob middleware"}
{"level":"error","message":"Falied to send birthday mail: name is not defined"}
{"level":"info","message":"authmiddleware hit"}
{"level":"info","message":"[birthdayServices]:Hitting birthday services"}
{"level":"info","message":"[birthdayjob] :Hitting birthdayjob middleware"}
{"level":"info","message":"[birthdayServices]:Hitting birthday services"}
{"level":"info","message":"[birthdayjob] :Hitting birthdayjob middleware"}
{"level":"info","message":"[birthdayServices]:Hitting birthday services"}
{"level":"info","message":"authmiddleware hit"}
{"level":"info","message":"[birthdayServices]:Hitting birthday services"}
{"level":"info","message":"[birthdayjob] :Hitting birthdayjob middleware"}
{"level":"info","message":"[birthdayServices]:Hitting birthday services"}
{"level":"info","message":"[birthdayjob] :Hitting birthdayjob middleware"}
{"level":"info","message":"[birthdayServices]:Hitting birthday services"}
{"level":"info","message":"authmiddleware hit"}
{"level":"info","message":"[birthdayServices]:Hitting birthday services"}
{"level":"info","message":"[birthdayjob] :Hitting birthdayjob middleware"}
{"level":"info","message":"[birthdayServices]:Hitting birthday services"}
{"level":"info","message":"[birthdayjob] :Hitting birthdayjob middleware"}
{"level":"info","message":"[birthdayServices]:Hitting birthday services"}
{"level":"info","message":"[birthdayjob] :Hitting birthdayjob middleware"}
{"level":"info","message":"[birthdayServices]:Hitting birthday services"}
{"level":"info","message":"authmiddleware hit"}
{"level":"info","message":"[birthdayServices]:Hitting birthday services"}
{"level":"info","message":"[birthdayjob] :Hitting birthdayjob middleware"}
{"level":"info","message":"[birthdayServices]:Hitting birthday services"}
{"level":"info","message":"[birthdayjob] :Hitting birthdayjob middleware"}
{"level":"info","message":"[birthdayServices]:Hitting birthday services"}
{"level":"info","message":"authmiddleware hit"}
{"level":"info","message":"[birthdayServices]:Hitting birthday services"}
{"level":"info","message":"[birthdayjob] :Hitting birthdayjob middleware"}
{"level":"info","message":"[birthdayServices]:Hitting birthday services"}
{"level":"info","message":"[birthdayjob] :Hitting birthdayjob middleware"}
{"level":"info","message":"[birthdayServices]:Hitting birthday services"}
{"level":"info","message":"[birthdayjob] :Hitting birthdayjob middleware"}
{"level":"info","message":"[birthdayServices]:Hitting birthday services"}
{"level":"info","message":"[birthdayjob] :Hitting birthdayjob middleware"}
{"level":"info","message":"[birthdayServices]:Hitting birthday services"}
{"level":"info","message":"[birthdayjob] :Hitting birthdayjob middleware"}
{"level":"info","message":"[birthdayServices]:Hitting birthday services"}
{"level":"info","message":"authmiddleware hit"}
{"level":"info","message":"[birthdayServices]:Hitting birthday services"}
{"level":"info","message":"[birthdayjob] :Hitting birthdayjob middleware"}
{"level":"info","message":"[birthdayServices]:Hitting birthday services"}
{"level":"info","message":"[birthdayjob] :Hitting birthdayjob middleware"}
{"level":"info","message":"[birthdayServices]:Hitting birthday services"}
{"level":"info","message":"[birthdayjob] :Hitting birthdayjob middleware"}
{"level":"info","message":"[birthdayServices]:Hitting birthday services"}
{"level":"info","message":"authmiddleware hit"}
{"level":"info","message":"[birthdayServices]:Hitting birthday services"}
{"level":"info","message":"[birthdayjob] :Hitting birthdayjob middleware"}
{"level":"info","message":"[birthdayServices]:Hitting birthday services"}
{"level":"error","message":"Falied to send birthday mail: employees is not defined"}
{"level":"info","message":"authmiddleware hit"}
{"level":"info","message":"[birthdayServices]:Hitting birthday services"}
{"level":"info","message":"[birthdayjob] :Hitting birthdayjob middleware"}
{"level":"info","message":"[birthdayServices]:Hitting birthday services"}
{"level":"error","message":"Falied to send birthday mail: subject is not defined"}
{"level":"info","message":"[birthdayjob] :Hitting birthdayjob middleware"}
{"level":"info","message":"[birthdayServices]:Hitting birthday services"}
{"level":"error","message":"Falied to send birthday mail: subject is not defined"}
{"level":"info","message":"authmiddleware hit"}
{"level":"info","message":"[birthdayServices]:Hitting birthday services"}
{"level":"info","message":"[birthdayjob] :Hitting birthdayjob middleware"}
{"level":"info","message":"[birthdayServices]:Hitting birthday services"}
{"level":"info","message":"[birthdayjob] :Hitting birthdayjob middleware"}
{"level":"info","message":"[birthdayServices]:Hitting birthday services"}
{"level":"info","message":"authmiddleware hit"}
{"level":"info","message":"[birthdayServices]:Hitting birthday services"}
{"level":"info","message":"[birthdayjob] :Hitting birthdayjob middleware"}
{"level":"info","message":"[birthdayServices]:Hitting birthday services"}
{"level":"error","message":"Falied to send birthday mail: Email has already been sent"}
{"level":"info","message":"[birthdayjob] :Hitting birthdayjob middleware"}
{"level":"info","message":"[birthdayServices]:Hitting birthday services"}
{"level":"error","message":"Falied to send birthday mail: Email has already been sent"}
{"level":"info","message":"authmiddleware hit"}
{"level":"info","message":"[birthdayServices]:Hitting birthday services"}
{"level":"info","message":"[birthdayjob] :Hitting birthdayjob middleware"}
{"level":"info","message":"[birthdayServices]:Hitting birthday services"}
{"level":"error","message":"Falied to send birthday mail: Email has already been sent"}
{"level":"info","message":"[birthdayjob] :Hitting birthdayjob middleware"}
{"level":"info","message":"[birthdayServices]:Hitting birthday services"}
{"level":"error","message":"Falied to send birthday mail: Email has already been sent"}
{"level":"info","message":"[birthdayjob] :Hitting birthdayjob middleware"}
{"level":"info","message":"[birthdayServices]:Hitting birthday services"}
{"level":"error","message":"Falied to send birthday mail: Email has already been sent"}
{"level":"info","message":"[birthdayjob] :Hitting birthdayjob middleware"}
{"level":"info","message":"[birthdayServices]:Hitting birthday services"}
{"level":"error","message":"Falied to send birthday mail: Email has already been sent"}
{"level":"info","message":"authmiddleware hit"}
{"level":"info","message":"[birthdayServices]:Hitting birthday services"}
