{"level":"info","message":"Roles router hit"}
{"level":"info","message":"Roles service hit"}
{"level":"info","message":"API's fetched successfully"}
{"level":"info","message":"[getEmployeeById]: Employees service hit"}
{"level":"error","message":"[getEmployeeById]: Missing Data for id : 43"}
{"level":"info","message":"[getEmployeeById]: Employees service hit"}
{"level":"info","message":"[updateEmployee]: Employees service hit"}
{"level":"error","message":"[updateEmployee]: Missing Data for id : 43"}
{"level":"info","message":"[updateEmployee]: Employees service hit"}
{"level":"error","message":"[updateEmployee]: Missing Data for id : 43"}
{"level":"info","message":"Employees service hit"}
{"level":"error","message":"[deleteEmployee]: Missing Data for id : 42"}
{"level":"info","message":"Employees service hit"}
{"level":"error","message":"[deleteEmployee]: Missing Data for id : 42"}
{"level":"info","message":"Employees service hit"}
{"level":"error","message":"[deleteEmployee]: Missing Data for id : 42"}
{"level":"info","message":"Employees service hit"}
{"level":"error","message":"[deleteEmployee]: Missing Data for id : 42"}
{"level":"info","message":"Employees service hit"}
{"level":"error","message":"[deleteEmployee]: Missing Data for id : 42"}
{"level":"info","message":"Employees service hit"}
{"level":"error","message":"[deleteEmployee]: Missing Data for id : 42"}
{"level":"info","message":"Employees service hit"}
{"level":"error","message":"[deleteEmployee]: Missing Data for id : 42"}
{"level":"info","message":"[getEmployees]: Employees service hit"}
{"level":"info","message":"[getEmployees]: Employees service hit"}
{"level":"info","message":"[getEmployees]: Employees service hit"}
{"level":"info","message":"[getEmployeeById]: Employees service hit"}
{"level":"error","message":"[getEmployeeById]: Missing Data for id : 43"}
{"level":"info","message":"[getEmployeeById]: Employees service hit"}
{"level":"error","message":"[getEmployeeById]: Missing Data for id : 43"}
{"level":"info","message":"[getEmployeeById]: Employees service hit"}
{"level":"error","message":"[getEmployeeById]: Missing Data for id : 43"}
{"level":"info","message":"[getEmployeeById]: Employees service hit"}
{"level":"error","message":"[getEmployeeById]: Missing Data for id : 43"}
{"level":"info","message":"Employees service hit"}
{"level":"error","message":"[deleteEmployee]: Missing Data for id : 42"}
{"level":"info","message":"[getEmployeeById]: Employees service hit"}
{"level":"error","message":"[getEmployeeById]: Missing Data for id : 42"}
{"level":"info","message":"[getEmployeeById]: Employees service hit"}
{"level":"error","message":"[getEmployeeById]: Missing Data for id : 42"}
{"level":"info","message":"Roles router hit"}
{"level":"info","message":"Roles service hit"}
{"level":"error","message":"Leave already processed"}
{"level":"info","message":"Roles router hit"}
{"level":"info","message":"Roles service hit"}
{"level":"error","message":"Leave already processed"}
{"level":"info","message":"Roles router hit"}
{"level":"info","message":"Roles service hit"}
{"level":"error","message":"Leave already processed"}
{"level":"info","message":"Roles router hit"}
{"level":"info","message":"Roles service hit"}
{"level":"info","message":"API's fetched successfully"}
{"level":"info","message":"Leaves router hit"}
{"level":"info","message":"Employees service hit"}
{"level":"info","message":"API's fetched successfully"}
{"level":"info","message":"Roles router hit"}
{"level":"info","message":"Roles service hit"}
{"level":"error","message":"Leave already processed"}
{"level":"info","message":"Roles router hit"}
{"level":"info","message":"Roles service hit"}
{"level":"error","message":"Leave already processed"}
{"level":"info","message":"Roles router hit"}
{"level":"info","message":"Roles service hit"}
{"level":"error","message":"Leave already processed"}
{"level":"info","message":"Roles router hit"}
{"level":"info","message":"Roles service hit"}
{"level":"error","message":"Leave already processed"}
{"level":"info","message":"[postEmployee]: Employees service hit"}
{"level":"info","message":"[postEmployee]: Employees service hit"}
{"level":"info","message":"[postEmployee]: Employees service hit"}
{"level":"info","message":"[getEmployees]: Employees service hit"}
{"level":"info","message":"[getEmployees]: Employees service hit"}
{"level":"info","message":"[getEmployees]: Employees service hit"}
{"level":"info","message":"[getEmployees]: Employees service hit"}
{"level":"info","message":"[getEmployees]: Employees service hit"}
{"level":"info","message":"Employees service hit"}
{"level":"info","message":"[getEmployeeById]: Employees service hit"}
{"level":"error","message":"[getEmployeeById]: Missing Data for id : 36"}
{"level":"info","message":"[getEmployees]: Employees service hit"}
{"level":"info","message":"[getEmployees]: Employees service hit"}
{"level":"info","message":"Leaves router hit"}
{"level":"info","message":"Leaves service hit"}
{"level":"info","message":"API's fetched successfully"}
{"level":"info","message":"Leaves router hit"}
{"level":"info","message":"Employees service hit"}
{"level":"info","message":"API's fetched successfully"}
{"level":"info","message":"Leaves router hit"}
{"level":"info","message":"Employees service hit"}
{"level":"info","message":"API's fetched successfully"}
{"level":"info","message":"Leaves router hit"}
{"level":"info","message":"API's fetched successfully"}
{"level":"info","message":"[postEmployee]: Employees service hit"}
{"level":"info","message":"[postEmployee]: Employees service hit"}
{"level":"info","message":"[getEmployees]: Employees service hit"}
{"level":"info","message":"[getEmployees]: Employees service hit"}
{"level":"info","message":"[postEmployee]: Employees service hit"}
{"level":"info","message":"Roles router hit"}
{"level":"info","message":"Roles service hit"}
{"level":"info","message":"Roles router hit"}
{"level":"info","message":"Roles service hit"}
{"level":"info","message":"Roles router hit"}
{"level":"info","message":"Roles service hit"}
{"level":"info","message":"API's fetched successfully"}
{"level":"info","message":"[postEmployee]: Employees service hit"}
