{"level":"info","message":"Roles router hit"}
{"level":"info","message":"Roles service hit"}
{"level":"info","message":"API's fetched successfully"}
{"level":"info","message":"Roles router hit"}
{"level":"info","message":"Roles service hit"}
{"level":"error","message":"Cannot read properties of undefined (reading 'emp_id')"}
{"level":"info","message":"Roles router hit"}
{"level":"info","message":"Roles service hit"}
{"level":"info","message":"API's fetched successfully"}
{"level":"info","message":"Leaves router hit"}
{"level":"info","message":"Leaves service hit"}
{"level":"info","message":"monthlyUsed"}
{"level":"info","message":"API's fetched successfully"}
{"level":"info","message":"Leaves router hit"}
{"level":"info","message":"Leaves service hit"}
{"level":"info","message":"monthlyUsed"}
{"level":"info","message":"API's fetched successfully"}
{"level":"info","message":"Leaves router hit"}
{"level":"info","message":"Leaves service hit"}
{"level":"info","message":"monthlyUsed"}
{"level":"info","message":"API's fetched successfully"}
{"level":"info","message":"Roles router hit"}
{"level":"info","message":"Roles service hit"}
{"level":"info","message":"API's fetched successfully"}
{"level":"info","message":"Roles router hit"}
{"level":"info","message":"Roles service hit"}
{"level":"error","message":"Invalid status"}
{"level":"info","message":"Roles router hit"}
{"level":"info","message":"Roles service hit"}
{"level":"info","message":"API's fetched successfully"}
{"level":"info","message":"Leaves router hit"}
{"level":"info","message":"Employees service hit"}
{"level":"info","message":"Leaves router hit"}
{"level":"info","message":"Employees service hit"}
{"level":"info","message":"Leaves router hit"}
{"level":"info","message":"Employees service hit"}
{"level":"info","message":"Leaves router hit"}
{"level":"info","message":"Employees service hit"}
{"level":"info","message":"Leaves router hit"}
{"level":"info","message":"Leaves router hit"}
{"level":"info","message":"Leaves router hit"}
{"level":"info","message":"API's fetched successfully"}
{"level":"info","message":"Leaves router hit"}
{"level":"info","message":"Leaves router hit"}
{"level":"info","message":"Leaves router hit"}
{"level":"info","message":"Leaves router hit"}
{"level":"info","message":"Leaves router hit"}
{"level":"info","message":"Leaves router hit"}
{"level":"info","message":"Leaves router hit"}
{"level":"info","message":"API's fetched successfully"}
{"level":"info","message":"Leaves router hit"}
{"level":"info","message":"API's fetched successfully"}
{"level":"info","message":"Leaves router hit"}
{"level":"info","message":"API's fetched successfully"}
{"level":"info","message":"Leaves router hit"}
{"level":"info","message":"Leaves router hit"}
{"level":"info","message":"Leaves router hit"}
{"level":"info","message":"Leaves router hit"}
