{"level":"info","message":"authmiddleware hit"}
{"level":"info","message":"[birthdayServices]: Hitting birthday services"}
{"level":"info","message":"authmiddleware hit"}
{"level":"info","message":"[birthdayServices]: Hitting birthday services"}
{"level":"info","message":"[birthdayjob] :Hitting birthdayjob middleware"}
{"level":"info","message":"[birthdayServices]: Hitting birthday services"}
{"level":"info","message":"authmiddleware hit"}
{"level":"info","message":"[birthdayjob] :Hitting birthdayjob middleware"}
{"level":"info","message":"[birthdayServices]: Hitting birthday services"}
{"level":"error","message":"Falied to send birthday mail: No birthday emails to send"}
{"level":"info","message":"[birthdayjob] :Hitting birthdayjob middleware"}
{"level":"info","message":"[birthdayServices]: Hitting birthday services"}
{"level":"error","message":"Falied to send birthday mail: No birthday emails to send"}
{"level":"info","message":"[birthdayjob] :Hitting birthdayjob middleware"}
{"level":"info","message":"[birthdayServices]: Hitting birthday services"}
{"level":"error","message":"Falied to send birthday mail: No birthday emails to send"}
{"level":"info","message":"authmiddleware hit"}
{"level":"info","message":"authmiddleware hit"}
{"level":"info","message":"authmiddleware hit"}
{"level":"info","message":"authmiddleware hit"}
{"level":"info","message":"authmiddleware hit"}
{"level":"info","message":"authmiddleware hit"}
{"level":"info","message":"[postEmployee]: Employees service hit"}
{"level":"info","message":"authmiddleware hit"}
{"level":"info","message":"authmiddleware hit"}
{"level":"info","message":"[postEmployee]: Employees service hit"}
{"level":"info","message":"authmiddleware hit"}
{"level":"info","message":"[getEmployeeById]: Employees service hit"}
{"level":"info","message":"authmiddleware hit"}
{"level":"info","message":"[getEmployeeById]: Employees service hit"}
{"level":"info","message":"authmiddleware hit"}
{"level":"info","message":"[getEmployeeById]: Employees service hit"}
{"level":"info","message":"authmiddleware hit"}
{"level":"info","message":"authmiddleware hit"}
{"level":"info","message":"[getEmployeeById]: Employees service hit"}
{"level":"info","message":"authmiddleware hit"}
{"level":"info","message":"[getEmployeeById]: Employees service hit"}
{"level":"info","message":"authmiddleware hit"}
{"level":"info","message":"authmiddleware hit"}
{"level":"info","message":"[getEmployeeById]: Employees service hit"}
{"level":"info","message":"authmiddleware hit"}
{"level":"info","message":"authmiddleware hit"}
{"level":"info","message":"Employees service hit"}
{"level":"info","message":"authmiddleware hit"}
{"level":"info","message":"authmiddleware hit"}
{"level":"info","message":"authmiddleware hit"}
{"level":"info","message":"Roles router hit"}
{"level":"info","message":"Roles service hit"}
{"level":"info","message":"authmiddleware hit"}
{"level":"info","message":"Roles router hit"}
{"level":"info","message":"Roles service hit"}
{"level":"info","message":"authmiddleware hit"}
{"level":"info","message":"Roles router hit"}
{"level":"info","message":"Roles service hit"}
{"level":"info","message":"API's fetched successfully"}
{"level":"info","message":"authmiddleware hit"}
{"level":"info","message":"Roles router hit"}
{"level":"info","message":"Roles service hit"}
{"level":"info","message":"authmiddleware hit"}
{"level":"info","message":"Roles router hit"}
{"level":"info","message":"Roles service hit"}
{"level":"info","message":"API's fetched successfully"}
{"level":"info","message":"authmiddleware hit"}
{"level":"info","message":"Roles router hit"}
{"level":"info","message":"Roles service hit"}
{"level":"info","message":"API's fetched successfully"}
{"level":"info","message":"authmiddleware hit"}
{"level":"info","message":"authmiddleware hit"}
{"level":"info","message":"Roles router hit"}
{"level":"info","message":"Roles service hit"}
{"level":"info","message":"API's fetched successfully"}
{"level":"info","message":"authmiddleware hit"}
{"level":"info","message":"authmiddleware hit"}
{"level":"info","message":"authmiddleware hit"}
{"level":"info","message":"authmiddleware hit"}
{"level":"info","message":"authmiddleware hit"}
{"level":"info","message":"Roles router hit"}
{"level":"info","message":"Roles service hit"}
{"level":"info","message":"API's fetched successfully"}
{"level":"info","message":"authmiddleware hit"}
{"level":"info","message":"authmiddleware hit"}
{"level":"info","message":"Roles router hit"}
{"level":"info","message":"Roles service hit"}
{"level":"info","message":"API's fetched successfully"}
{"level":"info","message":"authmiddleware hit"}
{"level":"info","message":"Roles router hit"}
{"level":"info","message":"Roles service hit"}
{"level":"info","message":"API's fetched successfully"}
{"level":"info","message":"authmiddleware hit"}
{"level":"info","message":"Roles router hit"}
{"level":"info","message":"Roles service hit"}
{"level":"info","message":"API's fetched successfully"}
{"level":"info","message":"authmiddleware hit"}
{"level":"info","message":"Roles router hit"}
{"level":"info","message":"Roles service hit"}
{"level":"info","message":"API's fetched successfully"}
{"level":"info","message":"authmiddleware hit"}
{"level":"info","message":"Roles router hit"}
{"level":"info","message":"Roles service hit"}
{"level":"info","message":"API's fetched successfully"}
{"level":"info","message":"authmiddleware hit"}
{"level":"info","message":"Roles router hit"}
{"level":"info","message":"Roles service hit"}
{"level":"info","message":"API's fetched successfully"}
{"level":"info","message":"authmiddleware hit"}
{"level":"info","message":"authmiddleware hit"}
{"level":"info","message":"authmiddleware hit"}
{"level":"info","message":"authmiddleware hit"}
{"level":"info","message":"Roles router hit"}
{"level":"info","message":"Roles service hit"}
{"level":"info","message":"API's fetched successfully"}
{"level":"info","message":"authmiddleware hit"}
{"level":"info","message":"Roles router hit"}
{"level":"info","message":"Roles service hit"}
{"level":"info","message":"API's fetched successfully"}
{"level":"info","message":"authmiddleware hit"}
{"level":"info","message":"Roles router hit"}
{"level":"info","message":"Roles service hit"}
{"level":"info","message":"API's fetched successfully"}
{"level":"info","message":"authmiddleware hit"}
{"level":"info","message":"Roles router hit"}
{"level":"info","message":"Roles service hit"}
{"level":"info","message":"API's fetched successfully"}
{"level":"info","message":"authmiddleware hit"}
{"level":"info","message":"Roles router hit"}
{"level":"info","message":"Roles service hit"}
{"level":"info","message":"API's fetched successfully"}
{"level":"info","message":"authmiddleware hit"}
{"level":"info","message":"Roles router hit"}
{"level":"info","message":"Roles service hit"}
{"level":"info","message":"API's fetched successfully"}
{"level":"info","message":"authmiddleware hit"}
{"level":"info","message":"Roles router hit"}
{"level":"info","message":"Roles service hit"}
{"level":"info","message":"API's fetched successfully"}
{"level":"info","message":"authmiddleware hit"}
{"level":"info","message":"Roles router hit"}
{"level":"info","message":"Roles service hit"}
{"level":"info","message":"API's fetched successfully"}
{"level":"info","message":"authmiddleware hit"}
{"level":"info","message":"Roles router hit"}
{"level":"info","message":"Roles service hit"}
{"level":"info","message":"API's fetched successfully"}
