{"level":"info","message":"authmiddleware hit"}
{"level":"info","message":"authmiddleware hit"}
{"level":"info","message":"[birthdayServices]:Hitting birthday services"}
{"level":"info","message":"authmiddleware hit"}
{"level":"info","message":"[birthdayServices]:Hitting birthday services"}
{"level":"info","message":"authmiddleware hit"}
{"level":"info","message":"[birthdayServices]:Hitting birthday services"}
{"level":"info","message":"authmiddleware hit"}
{"level":"info","message":"[birthdayServices]:Hitting birthday services"}
{"level":"info","message":"authmiddleware hit"}
{"level":"info","message":"[birthdayServices]:Hitting birthday services"}
{"level":"info","message":"authmiddleware hit"}
{"level":"info","message":"[birthdayServices]:Hitting birthday services"}
{"level":"info","message":"authmiddleware hit"}
{"level":"info","message":"[birthdayServices]: Hitting birthday services"}
{"level":"info","message":"authmiddleware hit"}
{"level":"info","message":"[birthdayServices]: Hitting birthday services"}
{"level":"info","message":"authmiddleware hit"}
{"level":"info","message":"[birthdayServices]: Hitting birthday services"}
{"level":"info","message":"authmiddleware hit"}
{"level":"info","message":"[birthdayServices]: Hitting birthday services"}
{"level":"info","message":"[birthdayjob] :Hitting birthdayjob middleware"}
{"level":"info","message":"[birthdayServices]: Hitting birthday services"}
{"level":"info","message":"authmiddleware hit"}
{"level":"info","message":"[birthdayServices]: Hitting birthday services"}
{"level":"info","message":"[birthdayjob] :Hitting birthdayjob middleware"}
{"level":"info","message":"[birthdayServices]: Hitting birthday services"}
{"level":"error","message":"Falied to send birthday mail: No birthday emails to send."}
{"level":"info","message":"authmiddleware hit"}
{"level":"info","message":"[birthdayServices]: Hitting birthday services"}
{"level":"info","message":"[birthdayjob] :Hitting birthdayjob middleware"}
{"level":"info","message":"[birthdayServices]: Hitting birthday services"}
{"level":"error","message":"Falied to send birthday mail: No birthday emails to send."}
{"level":"info","message":"[birthdayjob] :Hitting birthdayjob middleware"}
{"level":"info","message":"[birthdayServices]: Hitting birthday services"}
{"level":"error","message":"Falied to send birthday mail: No birthday emails to send."}
{"level":"info","message":"[birthdayjob] :Hitting birthdayjob middleware"}
{"level":"info","message":"[birthdayServices]: Hitting birthday services"}
{"level":"error","message":"Falied to send birthday mail: No birthday emails to send."}
{"level":"info","message":"authmiddleware hit"}
{"level":"info","message":"[birthdayServices]: Hitting birthday services"}
{"level":"info","message":"[birthdayjob] :Hitting birthdayjob middleware"}
{"level":"info","message":"[birthdayServices]: Hitting birthday services"}
{"level":"error","message":"Falied to send birthday mail: No birthday emails to send."}
{"level":"info","message":"[birthdayjob] :Hitting birthdayjob middleware"}
{"level":"info","message":"[birthdayServices]: Hitting birthday services"}
{"level":"error","message":"Falied to send birthday mail: No birthday emails to send."}
{"level":"info","message":"authmiddleware hit"}
{"level":"info","message":"[birthdayServices]: Hitting birthday services"}
{"level":"info","message":"[birthdayjob] :Hitting birthdayjob middleware"}
{"level":"info","message":"[birthdayServices]: Hitting birthday services"}
{"level":"error","message":"Falied to send birthday mail: No birthday emails to send"}
{"level":"info","message":"[birthdayjob] :Hitting birthdayjob middleware"}
{"level":"info","message":"[birthdayServices]: Hitting birthday services"}
{"level":"error","message":"Falied to send birthday mail: No birthday emails to send"}
{"level":"info","message":"[birthdayjob] :Hitting birthdayjob middleware"}
{"level":"info","message":"[birthdayServices]: Hitting birthday services"}
{"level":"error","message":"Falied to send birthday mail: No birthday emails to send"}
{"level":"info","message":"authmiddleware hit"}
{"level":"info","message":"[birthdayServices]: Hitting birthday services"}
{"level":"info","message":"[birthdayjob] :Hitting birthdayjob middleware"}
{"level":"info","message":"[birthdayServices]: Hitting birthday services"}
{"level":"error","message":"Falied to send birthday mail: No birthday emails to send"}
{"level":"info","message":"authmiddleware hit"}
{"level":"info","message":"[birthdayServices]: Hitting birthday services"}
{"level":"info","message":"[birthdayjob] :Hitting birthdayjob middleware"}
{"level":"info","message":"[birthdayServices]: Hitting birthday services"}
{"level":"error","message":"Falied to send birthday mail: No birthday emails to send"}
{"level":"info","message":"[birthdayjob] :Hitting birthdayjob middleware"}
{"level":"info","message":"[birthdayServices]: Hitting birthday services"}
{"level":"error","message":"Falied to send birthday mail: No birthday emails to send"}
{"level":"info","message":"[birthdayjob] :Hitting birthdayjob middleware"}
{"level":"info","message":"[birthdayServices]: Hitting birthday services"}
{"level":"error","message":"Falied to send birthday mail: No birthday emails to send"}
{"level":"info","message":"[birthdayjob] :Hitting birthdayjob middleware"}
{"level":"info","message":"[birthdayServices]: Hitting birthday services"}
{"level":"error","message":"Falied to send birthday mail: No birthday emails to send"}
{"level":"info","message":"[birthdayjob] :Hitting birthdayjob middleware"}
{"level":"info","message":"[birthdayServices]: Hitting birthday services"}
{"level":"error","message":"Falied to send birthday mail: No birthday emails to send"}
{"level":"info","message":"[birthdayjob] :Hitting birthdayjob middleware"}
{"level":"info","message":"[birthdayServices]: Hitting birthday services"}
{"level":"error","message":"Falied to send birthday mail: No birthday emails to send"}
{"level":"info","message":"[birthdayjob] :Hitting birthdayjob middleware"}
{"level":"info","message":"[birthdayServices]: Hitting birthday services"}
{"level":"error","message":"Falied to send birthday mail: No birthday emails to send"}
{"level":"info","message":"[birthdayjob] :Hitting birthdayjob middleware"}
{"level":"info","message":"[birthdayServices]: Hitting birthday services"}
{"level":"error","message":"Falied to send birthday mail: No birthday emails to send"}
{"level":"info","message":"[birthdayjob] :Hitting birthdayjob middleware"}
{"level":"info","message":"[birthdayServices]: Hitting birthday services"}
{"level":"error","message":"Falied to send birthday mail: No birthday emails to send"}
{"level":"info","message":"[birthdayjob] :Hitting birthdayjob middleware"}
{"level":"info","message":"[birthdayServices]: Hitting birthday services"}
{"level":"error","message":"Falied to send birthday mail: No birthday emails to send"}
{"level":"info","message":"[birthdayjob] :Hitting birthdayjob middleware"}
{"level":"info","message":"[birthdayServices]: Hitting birthday services"}
{"level":"error","message":"Falied to send birthday mail: No birthday emails to send"}
{"level":"info","message":"[birthdayjob] :Hitting birthdayjob middleware"}
{"level":"info","message":"[birthdayServices]: Hitting birthday services"}
{"level":"error","message":"Falied to send birthday mail: No birthday emails to send"}
{"level":"info","message":"[birthdayjob] :Hitting birthdayjob middleware"}
{"level":"info","message":"[birthdayServices]: Hitting birthday services"}
{"level":"error","message":"Falied to send birthday mail: No birthday emails to send"}
{"level":"info","message":"[birthdayjob] :Hitting birthdayjob middleware"}
{"level":"info","message":"[birthdayServices]: Hitting birthday services"}
{"level":"error","message":"Falied to send birthday mail: No birthday emails to send"}
{"level":"info","message":"[birthdayjob] :Hitting birthdayjob middleware"}
{"level":"info","message":"[birthdayServices]: Hitting birthday services"}
{"level":"error","message":"Falied to send birthday mail: No birthday emails to send"}
{"level":"info","message":"[birthdayjob] :Hitting birthdayjob middleware"}
{"level":"info","message":"[birthdayServices]: Hitting birthday services"}
{"level":"error","message":"Falied to send birthday mail: No birthday emails to send"}
{"level":"info","message":"[birthdayjob] :Hitting birthdayjob middleware"}
{"level":"info","message":"[birthdayServices]: Hitting birthday services"}
{"level":"error","message":"Falied to send birthday mail: No birthday emails to send"}
{"level":"info","message":"[birthdayjob] :Hitting birthdayjob middleware"}
{"level":"info","message":"[birthdayServices]: Hitting birthday services"}
{"level":"error","message":"Falied to send birthday mail: No birthday emails to send"}
{"level":"info","message":"[birthdayjob] :Hitting birthdayjob middleware"}
{"level":"info","message":"[birthdayServices]: Hitting birthday services"}
{"level":"error","message":"Falied to send birthday mail: No birthday emails to send"}
{"level":"info","message":"[birthdayjob] :Hitting birthdayjob middleware"}
{"level":"info","message":"[birthdayServices]: Hitting birthday services"}
{"level":"error","message":"Falied to send birthday mail: No birthday emails to send"}
{"level":"info","message":"[birthdayjob] :Hitting birthdayjob middleware"}
{"level":"info","message":"[birthdayServices]: Hitting birthday services"}
{"level":"error","message":"Falied to send birthday mail: No birthday emails to send"}
{"level":"info","message":"[birthdayjob] :Hitting birthdayjob middleware"}
{"level":"info","message":"[birthdayServices]: Hitting birthday services"}
{"level":"error","message":"Falied to send birthday mail: No birthday emails to send"}
{"level":"info","message":"[birthdayjob] :Hitting birthdayjob middleware"}
{"level":"info","message":"[birthdayServices]: Hitting birthday services"}
{"level":"error","message":"Falied to send birthday mail: No birthday emails to send"}
{"level":"info","message":"[birthdayjob] :Hitting birthdayjob middleware"}
{"level":"info","message":"[birthdayServices]: Hitting birthday services"}
{"level":"error","message":"Falied to send birthday mail: No birthday emails to send"}
{"level":"info","message":"[birthdayjob] :Hitting birthdayjob middleware"}
{"level":"info","message":"[birthdayServices]: Hitting birthday services"}
{"level":"error","message":"Falied to send birthday mail: No birthday emails to send"}
{"level":"info","message":"[birthdayjob] :Hitting birthdayjob middleware"}
{"level":"info","message":"[birthdayServices]: Hitting birthday services"}
{"level":"error","message":"Falied to send birthday mail: No birthday emails to send"}
{"level":"info","message":"[birthdayjob] :Hitting birthdayjob middleware"}
{"level":"info","message":"[birthdayServices]: Hitting birthday services"}
{"level":"error","message":"Falied to send birthday mail: No birthday emails to send"}
{"level":"info","message":"[birthdayjob] :Hitting birthdayjob middleware"}
{"level":"info","message":"[birthdayServices]: Hitting birthday services"}
{"level":"error","message":"Falied to send birthday mail: No birthday emails to send"}
{"level":"info","message":"[birthdayjob] :Hitting birthdayjob middleware"}
{"level":"info","message":"[birthdayServices]: Hitting birthday services"}
{"level":"error","message":"Falied to send birthday mail: No birthday emails to send"}
{"level":"info","message":"[birthdayjob] :Hitting birthdayjob middleware"}
{"level":"info","message":"[birthdayServices]: Hitting birthday services"}
{"level":"error","message":"Falied to send birthday mail: No birthday emails to send"}
{"level":"info","message":"[birthdayjob] :Hitting birthdayjob middleware"}
{"level":"info","message":"[birthdayServices]: Hitting birthday services"}
{"level":"error","message":"Falied to send birthday mail: No birthday emails to send"}
{"level":"info","message":"[birthdayjob] :Hitting birthdayjob middleware"}
{"level":"info","message":"[birthdayServices]: Hitting birthday services"}
{"level":"error","message":"Falied to send birthday mail: No birthday emails to send"}
{"level":"info","message":"[birthdayjob] :Hitting birthdayjob middleware"}
{"level":"info","message":"[birthdayServices]: Hitting birthday services"}
{"level":"error","message":"Falied to send birthday mail: No birthday emails to send"}
{"level":"info","message":"[birthdayjob] :Hitting birthdayjob middleware"}
{"level":"info","message":"[birthdayServices]: Hitting birthday services"}
{"level":"error","message":"Falied to send birthday mail: No birthday emails to send"}
{"level":"info","message":"[birthdayjob] :Hitting birthdayjob middleware"}
{"level":"info","message":"[birthdayServices]: Hitting birthday services"}
{"level":"error","message":"Falied to send birthday mail: No birthday emails to send"}
{"level":"info","message":"[birthdayjob] :Hitting birthdayjob middleware"}
{"level":"info","message":"[birthdayServices]: Hitting birthday services"}
{"level":"error","message":"Falied to send birthday mail: No birthday emails to send"}
{"level":"info","message":"[birthdayjob] :Hitting birthdayjob middleware"}
{"level":"info","message":"[birthdayServices]: Hitting birthday services"}
{"level":"error","message":"Falied to send birthday mail: No birthday emails to send"}
{"level":"info","message":"[birthdayjob] :Hitting birthdayjob middleware"}
{"level":"info","message":"[birthdayServices]: Hitting birthday services"}
{"level":"error","message":"Falied to send birthday mail: No birthday emails to send"}
{"level":"info","message":"[birthdayjob] :Hitting birthdayjob middleware"}
{"level":"info","message":"[birthdayServices]: Hitting birthday services"}
{"level":"error","message":"Falied to send birthday mail: No birthday emails to send"}
{"level":"info","message":"[birthdayjob] :Hitting birthdayjob middleware"}
{"level":"info","message":"[birthdayServices]: Hitting birthday services"}
{"level":"error","message":"Falied to send birthday mail: No birthday emails to send"}
{"level":"info","message":"[birthdayjob] :Hitting birthdayjob middleware"}
{"level":"info","message":"[birthdayServices]: Hitting birthday services"}
{"level":"error","message":"Falied to send birthday mail: No birthday emails to send"}
{"level":"info","message":"[birthdayjob] :Hitting birthdayjob middleware"}
{"level":"info","message":"[birthdayServices]: Hitting birthday services"}
{"level":"error","message":"Falied to send birthday mail: No birthday emails to send"}
{"level":"info","message":"[birthdayjob] :Hitting birthdayjob middleware"}
{"level":"info","message":"[birthdayServices]: Hitting birthday services"}
{"level":"error","message":"Falied to send birthday mail: No birthday emails to send"}
{"level":"info","message":"[birthdayjob] :Hitting birthdayjob middleware"}
{"level":"info","message":"[birthdayServices]: Hitting birthday services"}
{"level":"error","message":"Falied to send birthday mail: No birthday emails to send"}
{"level":"info","message":"[birthdayjob] :Hitting birthdayjob middleware"}
{"level":"info","message":"[birthdayServices]: Hitting birthday services"}
{"level":"error","message":"Falied to send birthday mail: No birthday emails to send"}
{"level":"info","message":"[birthdayjob] :Hitting birthdayjob middleware"}
{"level":"info","message":"[birthdayServices]: Hitting birthday services"}
{"level":"error","message":"Falied to send birthday mail: No birthday emails to send"}
{"level":"info","message":"[birthdayjob] :Hitting birthdayjob middleware"}
{"level":"info","message":"[birthdayServices]: Hitting birthday services"}
{"level":"error","message":"Falied to send birthday mail: No birthday emails to send"}
