{"level":"info","message":"authmiddleware hit"}
{"level":"info","message":"[getEmployees]: Employees service hit"}
{"level":"info","message":"authmiddleware hit"}
{"level":"info","message":"authmiddleware hit"}
{"level":"info","message":"authmiddleware hit"}
{"level":"info","message":"authmiddleware hit"}
{"level":"info","message":"authmiddleware hit"}
{"level":"info","message":"authmiddleware hit"}
{"level":"info","message":"authmiddleware hit"}
{"level":"info","message":"authmiddleware hit"}
{"level":"info","message":"authmiddleware hit"}
{"level":"info","message":"authmiddleware hit"}
{"level":"info","message":"[postEmployee]: Employees service hit"}
{"level":"info","message":"authmiddleware hit"}
{"level":"info","message":"[getEmployees]: Employees service hit"}
{"level":"info","message":"authmiddleware hit"}
{"level":"info","message":"[getEmployeeById]: Employees service hit"}
{"level":"info","message":"authmiddleware hit"}
{"level":"info","message":"authmiddleware hit"}
{"level":"info","message":"[updateEmployee]: Employees service hit"}
{"level":"info","message":"authmiddleware hit"}
{"level":"info","message":"authmiddleware hit"}
{"level":"info","message":"authmiddleware hit"}
{"level":"info","message":"[getEmployees]: Employees service hit"}
{"level":"info","message":"authmiddleware hit"}
{"level":"info","message":"[getEmployeeById]: Employees service hit"}
{"level":"info","message":"authmiddleware hit"}
{"level":"info","message":"[getEmployees]: Employees service hit"}
{"level":"info","message":"authmiddleware hit"}
{"level":"info","message":"authmiddleware hit"}
{"level":"info","message":"authmiddleware hit"}
{"level":"info","message":"authmiddleware hit"}
{"level":"info","message":"authmiddleware hit"}
{"level":"info","message":"authmiddleware hit"}
{"level":"info","message":"authmiddleware hit"}
{"level":"info","message":"authmiddleware hit"}
{"level":"info","message":"authmiddleware hit"}
{"level":"info","message":"authmiddleware hit"}
{"level":"info","message":"authmiddleware hit"}
