{"level":"info","message":"[postEmployee]: Employees service hit"}
{"level":"info","message":"[postEmployee]: Employees service hit"}
{"level":"info","message":"[postEmployee]: Employees service hit"}
{"level":"info","message":"[postEmployee]: Employees service hit"}
{"level":"info","message":"[postEmployee]: Employees service hit"}
{"level":"info","message":"[postEmployee]: Employees service hit"}
{"level":"error","message":"[postEmployee]: Both name and email fields are required"}
{"level":"info","message":"[postEmployee]: Employees service hit"}
{"level":"info","message":"[postEmployee]: Employees service hit"}
{"level":"info","message":"[postEmployee]: Employees service hit"}
{"level":"info","message":"[postEmployee]: Employees service hit"}
{"level":"info","message":"[postEmployee]: Employees service hit"}
{"level":"info","message":"Employees service hit"}
{"level":"info","message":"[postEmployee]: Employees service hit"}
{"level":"info","message":"Employees service hit"}
{"level":"info","message":"[postEmployee]: Employees service hit"}
{"level":"info","message":"[getEmployees]: Employees service hit"}
{"level":"info","message":"[getEmployees]: Employees service hit"}
{"level":"info","message":"[updateEmployee]: Employees service hit"}
{"level":"info","message":"[updateEmployee]: Employees service hit"}
{"level":"info","message":"[postEmployee]: Employees service hit"}
{"level":"info","message":"Employees service hit"}
{"level":"info","message":"Employees service hit"}
{"level":"info","message":"[postEmployee]: Employees service hit"}
{"level":"info","message":"[postEmployee]: Employees service hit"}
{"level":"info","message":"[getEmployees]: Employees service hit"}
{"level":"info","message":"[getEmployeeById]: Employees service hit"}
{"level":"info","message":"[getEmployeeById]: Employees service hit"}
{"level":"info","message":"[getEmployeeById]: Employees service hit"}
{"level":"info","message":"[getEmployeeById]: Employees service hit"}
{"level":"info","message":"[getEmployeeById]: Employees service hit"}
{"level":"info","message":"[getEmployeeById]: Employees service hit"}
{"level":"info","message":"[getEmployees]: Employees service hit"}
{"level":"info","message":"[getEmployeeById]: Employees service hit"}
{"level":"info","message":"[getEmployees]: Employees service hit"}
{"level":"info","message":"[getEmployees]: Employees service hit"}
{"level":"info","message":"[getEmployeeById]: Employees service hit"}
{"level":"info","message":"[getEmployeeById]: Employees service hit"}
{"level":"info","message":"[getEmployeeById]: Employees service hit"}
