{"level":"info","message":"authmiddleware hit"}
{"level":"info","message":"authmiddleware sessionId"}
{"level":"info","message":"Leaves router hit"}
{"level":"info","message":"authmiddleware hit"}
{"level":"info","message":"authmiddleware sessionId"}
{"level":"info","message":"Leaves router hit"}
{"level":"info","message":"API's fetched successfully"}
{"level":"info","message":"authmiddleware hit"}
{"level":"info","message":"authmiddleware sessionId"}
{"level":"info","message":"Leaves router hit"}
{"level":"info","message":"API's fetched successfully"}
{"level":"info","message":"authmiddleware hit"}
{"level":"info","message":"authmiddleware sessionId"}
{"level":"info","message":"authmiddleware hit"}
{"level":"info","message":"authmiddleware sessionId"}
{"level":"info","message":"authmiddleware hit"}
{"level":"info","message":"authmiddleware sessionId"}
{"level":"info","message":"authmiddleware hit"}
{"level":"info","message":"authmiddleware sessionId"}
{"level":"info","message":"authmiddleware hit"}
{"level":"info","message":"authmiddleware sessionId"}
{"level":"info","message":"authmiddleware hit"}
{"level":"info","message":"authmiddleware sessionId"}
{"level":"info","message":"authmiddleware hit"}
{"level":"info","message":"authmiddleware sessionId"}
{"level":"info","message":"authmiddleware hit"}
{"level":"info","message":"authmiddleware sessionId"}
{"level":"info","message":"authmiddleware hit"}
{"level":"info","message":"authmiddleware sessionId"}
{"level":"info","message":"authmiddleware hit"}
{"level":"info","message":"authmiddleware sessionId"}
{"level":"info","message":"authmiddleware hit"}
{"level":"info","message":"authmiddleware sessionId"}
{"level":"info","message":"authmiddleware hit"}
{"level":"info","message":"authmiddleware sessionId"}
{"level":"info","message":"authmiddleware hit"}
{"level":"info","message":"authmiddleware sessionId"}
{"level":"info","message":"Leaves router hit"}
{"level":"info","message":"Leaves service hit"}
{"level":"info","message":"authmiddleware hit"}
{"level":"info","message":"authmiddleware sessionId"}
{"level":"info","message":"Leaves router hit"}
{"level":"info","message":"Leaves service hit"}
